android/app/build/outputs/logs/manifest-merger-debug-report.txt
-- Merging decision tree log ---
manifest
ADDED from src/main/AndroidManifest.xml:1:1-41:12
	package
		ADDED from src/main/AndroidManifest.xml:2:5-48
		INJECTED from src/main/AndroidManifest.xml
		INJECTED from src/main/AndroidManifest.xml
	android:versionName
		ADDED from src/main/AndroidManifest.xml:4:5-30
		INJECTED from src/main/AndroidManifest.xml
		INJECTED from src/main/AndroidManifest.xml
	android:versionCode
		ADDED from src/main/AndroidManifest.xml:3:5-28
		INJECTED from src/main/AndroidManifest.xml
		INJECTED from src/main/AndroidManifest.xml
	xmlns:android
		ADDED from src/main/AndroidManifest.xml:1:11-69
uses-permission#android.permission.INTERNET
ADDED from src/main/AndroidManifest.xml:6:5-67
	android:name
		ADDED from src/main/AndroidManifest.xml:6:22-64
uses-permission#android.permission.READ_EXTERNAL_STORAGE
ADDED from src/main/AndroidManifest.xml:7:5-80
	android:name
		ADDED from src/main/AndroidManifest.xml:7:22-77
uses-permission#android.permission.WRITE_EXTERNAL_STORAGE
ADDED from src/main/AndroidManifest.xml:8:5-81
	android:name
		ADDED from src/main/AndroidManifest.xml:8:22-78
uses-permission#android.permission.SYSTEM_ALERT_WINDOW
ADDED from src/main/AndroidManifest.xml:9:5-77
MERGED from [com.facebook.react:react-native:0.50.0] AndroidManifest.xml:11:5-78
	android:name
		ADDED from src/main/AndroidManifest.xml:9:22-75
uses-permission#android.permission.BLUETOOTH
ADDED from src/main/AndroidManifest.xml:10:5-67
MERGED from [com.polidea.rxandroidble:rxandroidble:1.4.1] AndroidManifest.xml:11:5-68
	android:name
		ADDED from src/main/AndroidManifest.xml:10:22-65
uses-permission#android.permission.BLUETOOTH_ADMIN
ADDED from src/main/AndroidManifest.xml:11:5-73
MERGED from [com.polidea.rxandroidble:rxandroidble:1.4.1] AndroidManifest.xml:12:5-74
	android:name
		ADDED from src/main/AndroidManifest.xml:11:22-71
uses-permission-sdk-23
ADDED from src/main/AndroidManifest.xml:12:5-87
	android:name
		ADDED from src/main/AndroidManifest.xml:12:29-85
uses-feature#android.hardware.bluetooth_le
ADDED from src/main/AndroidManifest.xml:14:5-89
	android:required
		ADDED from src/main/AndroidManifest.xml:14:64-87
	android:name
		ADDED from src/main/AndroidManifest.xml:14:19-63
uses-sdk
ADDED from src/main/AndroidManifest.xml:16:5-18:41
MERGED from [AndroidInformationBoardcaster:react-native-vector-icons:unspecified] AndroidManifest.xml:7:5-9:41
MERGED from [AndroidInformationBoardcaster:react-native-fetch-blob:unspecified] AndroidManifest.xml:7:5-9:41
MERGED from [AndroidInformationBoardcaster:react-native-ble-plx:unspecified] AndroidManifest.xml:7:5-9:41
MERGED from [com.polidea.rxandroidble:rxandroidble:1.4.1] AndroidManifest.xml:7:5-9:41
MERGED from [com.artemzin.rxjava:proguard-rules:1.3.1.0] AndroidManifest.xml:8:5-43
MERGED from [com.facebook.react:react-native:0.50.0] AndroidManifest.xml:7:5-9:41
MERGED from [com.android.support:appcompat-v7:23.0.1] AndroidManifest.xml:20:5-43
MERGED from [com.android.support:support-v4:23.0.1] AndroidManifest.xml:20:5-43
MERGED from [com.facebook.fbui.textlayoutbuilder:textlayoutbuilder:1.0.0] AndroidManifest.xml:14:5-16:41
MERGED from [com.facebook.fresco:imagepipeline-okhttp3:1.3.0] AndroidManifest.xml:5:5-7:41
MERGED from [com.facebook.soloader:soloader:0.1.0] AndroidManifest.xml:2:3-70
MERGED from [com.facebook.fresco:fresco:1.5.0] AndroidManifest.xml:5:5-7:41
MERGED from [com.facebook.fresco:animated-gif:1.5.0] AndroidManifest.xml:5:5-7:41
MERGED from [com.facebook.fresco:animated-base:1.5.0] AndroidManifest.xml:5:5-7:41
MERGED from [com.facebook.fresco:animated-drawable:1.5.0] AndroidManifest.xml:5:5-7:41
MERGED from [com.facebook.fresco:imagepipeline:1.5.0] AndroidManifest.xml:5:5-7:41
MERGED from [com.facebook.fresco:imagepipeline-base:1.5.0] AndroidManifest.xml:5:5-7:41
MERGED from [com.facebook.fresco:drawee:1.5.0] AndroidManifest.xml:5:5-7:41
MERGED from [com.facebook.fresco:fbcore:1.5.0] AndroidManifest.xml:5:5-7:41
	android:targetSdkVersion
		ADDED from src/main/AndroidManifest.xml:18:9-38
		INJECTED from src/main/AndroidManifest.xml
		INJECTED from src/main/AndroidManifest.xml
	android:minSdkVersion
		ADDED from src/main/AndroidManifest.xml:17:9-35
		INJECTED from src/main/AndroidManifest.xml
		INJECTED from src/main/AndroidManifest.xml
application
ADDED from src/main/AndroidManifest.xml:20:5-39:19
MERGED from [AndroidInformationBoardcaster:react-native-fetch-blob:unspecified] AndroidManifest.xml:11:5-12:19
MERGED from [com.polidea.rxandroidble:rxandroidble:1.4.1] AndroidManifest.xml:16:5-53
MERGED from [com.facebook.react:react-native:0.50.0] AndroidManifest.xml:13:5-20
MERGED from [com.android.support:appcompat-v7:23.0.1] AndroidManifest.xml:22:5-20
MERGED from [com.android.support:support-v4:23.0.1] AndroidManifest.xml:22:5-20
MERGED from [com.facebook.soloader:soloader:0.1.0] AndroidManifest.xml:3:3-17
MERGED from [org.webkit:android-jsc:r174650] AndroidManifest.xml:2:3-17
	android:label
		ADDED from src/main/AndroidManifest.xml:23:7-39
	android:allowBackup
		ADDED from src/main/AndroidManifest.xml:22:7-33
	android:icon
		ADDED from src/main/AndroidManifest.xml:24:7-41
	android:theme
		ADDED from src/main/AndroidManifest.xml:25:7-38
	android:name
		ADDED from src/main/AndroidManifest.xml:21:7-38
activity#com.androidinformationboardcaster.MainActivity
ADDED from src/main/AndroidManifest.xml:26:7-37:18
	android:label
		ADDED from src/main/AndroidManifest.xml:28:9-41
	android:windowSoftInputMode
		ADDED from src/main/AndroidManifest.xml:30:9-51
	android:configChanges
		ADDED from src/main/AndroidManifest.xml:29:9-79
	android:name
		ADDED from src/main/AndroidManifest.xml:27:9-37
intent-filter#android.intent.action.DOWNLOAD_COMPLETE+android.intent.action.DOWNLOAD_COMPLETE+android.intent.action.MAIN+android.intent.category.LAUNCHER
ADDED from src/main/AndroidManifest.xml:31:9-36:25
action#android.intent.action.MAIN
ADDED from src/main/AndroidManifest.xml:32:13-65
	android:name
		ADDED from src/main/AndroidManifest.xml:32:21-62
category#android.intent.category.LAUNCHER
ADDED from src/main/AndroidManifest.xml:33:13-73
	android:name
		ADDED from src/main/AndroidManifest.xml:33:23-70
action#android.intent.action.DOWNLOAD_COMPLETE
ADDED from src/main/AndroidManifest.xml:34:6-70
	android:name
		ADDED from src/main/AndroidManifest.xml:34:14-68
activity#com.facebook.react.devsupport.DevSettingsActivity
ADDED from src/main/AndroidManifest.xml:38:7-84
	android:name
		ADDED from src/main/AndroidManifest.xml:38:17-81
android:uses-permission#android.permission.READ_PHONE_STATE
IMPLIED from src/main/AndroidManifest.xml:1:1-41:12 reason: org.webkit.android_jsc has a targetSdkVersion < 4